# JRE version: OpenJDK Runtime Environment GraalVM CE 22.3.0 (11.0.17+8) (build 11.0.17+8-jvmci-22.3-b08)
# Java VM: OpenJDK 64-Bit Server VM GraalVM CE 22.3.0 (11.0.17+8-jvmci-22.3-b08, mixed mode, sharing, tiered, jvmci, jvmci compiler, compressed oops, g1 gc, windows-amd64)
Heap:
 garbage-first heap   total 312320K, used 206694K [0x0000000702800000, 0x0000000800000000)
  region size 1024K, 125 young (128000K), 7 survivors (7168K)
 Metaspace       used 51888K, capacity 53128K, committed 53244K, reserved 1097728K
  class space    used 5113K, capacity 5530K, committed 5632K, reserved 1048576K
GC Heap History (20 events):
Event: 0.788 GC heap before
{Heap before GC invocations=0 (full 0):
 garbage-first heap   total 260096K, used 23552K [0x0000000702800000, 0x0000000800000000)
  region size 1024K, 24 young (24576K), 0 survivors (0K)
 Metaspace       used 5612K, capacity 7802K, committed 7936K, reserved 1056768K
  class space    used 616K, capacity 900K, committed 1024K, reserved 1048576K
}
Event: 0.793 GC heap after
{Heap after GC invocations=1 (full 0):
 garbage-first heap   total 260096K, used 3579K [0x0000000702800000, 0x0000000800000000)
  region size 1024K, 3 young (3072K), 3 survivors (3072K)
 Metaspace       used 5612K, capacity 7802K, committed 7936K, reserved 1056768K
  class space    used 616K, capacity 900K, committed 1024K, reserved 1048576K
}
Event: 2.757 GC heap before
{Heap before GC invocations=1 (full 0):
 garbage-first heap   total 260096K, used 156155K [0x0000000702800000, 0x0000000800000000)
  region size 1024K, 152 young (155648K), 3 survivors (3072K)
 Metaspace       used 14881K, capacity 15794K, committed 15872K, reserved 1062912K
  class space    used 1525K, capacity 1776K, committed 1792K, reserved 1048576K
}
Event: 2.777 GC heap after
{Heap after GC invocations=2 (full 0):
 garbage-first heap   total 260096K, used 21959K [0x0000000702800000, 0x0000000800000000)
  region size 1024K, 19 young (19456K), 19 survivors (19456K)
 Metaspace       used 14881K, capacity 15794K, committed 15872K, reserved 1062912K
  class space    used 1525K, capacity 1776K, committed 1792K, reserved 1048576K
}
Event: 2.832 GC heap before
{Heap before GC invocations=2 (full 0):
 garbage-first heap   total 260096K, used 30151K [0x0000000702800000, 0x0000000800000000)
  region size 1024K, 27 young (27648K), 19 survivors (19456K)
 Metaspace       used 14923K, capacity 15858K, committed 16128K, reserved 1062912K
  class space    used 1525K, capacity 1776K, committed 1792K, reserved 1048576K
}
Event: 2.849 GC heap after
{Heap after GC invocations=3 (full 0):
 garbage-first heap   total 260096K, used 24943K [0x0000000702800000, 0x0000000800000000)
  region size 1024K, 3 young (3072K), 3 survivors (3072K)
 Metaspace       used 14923K, capacity 15858K, committed 16128K, reserved 1062912K
  class space    used 1525K, capacity 1776K, committed 1792K, reserved 1048576K
}
Event: 3.133 GC heap before
{Heap before GC invocations=3 (full 0):
 garbage-first heap   total 260096K, used 66927K [0x0000000702800000, 0x0000000800000000)
  region size 1024K, 44 young (45056K), 3 survivors (3072K)
 Metaspace       used 15406K, capacity 16246K, committed 16384K, reserved 1064960K
  class space    used 1526K, capacity 1777K, committed 1792K, reserved 1048576K
}
Event: 3.137 GC heap after
{Heap after GC invocations=4 (full 0):
 garbage-first heap   total 260096K, used 27453K [0x0000000702800000, 0x0000000800000000)
  region size 1024K, 6 young (6144K), 6 survivors (6144K)
 Metaspace       used 15406K, capacity 16246K, committed 16384K, reserved 1064960K
  class space    used 1526K, capacity 1777K, committed 1792K, reserved 1048576K
}
Event: 4.879 GC heap before
{Heap before GC invocations=4 (full 0):
 garbage-first heap   total 260096K, used 73533K [0x0000000702800000, 0x0000000800000000)
  region size 1024K, 52 young (53248K), 6 survivors (6144K)
 Metaspace       used 20744K, capacity 21109K, committed 21248K, reserved 1069056K
  class space    used 2169K, capacity 2291K, committed 2304K, reserved 1048576K
}
Event: 4.889 GC heap after
{Heap after GC invocations=5 (full 0):
 garbage-first heap   total 260096K, used 34029K [0x0000000702800000, 0x0000000800000000)
  region size 1024K, 10 young (10240K), 10 survivors (10240K)
 Metaspace       used 20744K, capacity 21109K, committed 21248K, reserved 1069056K
  class space    used 2169K, capacity 2291K, committed 2304K, reserved 1048576K
}
Event: 6.990 GC heap before
{Heap before GC invocations=6 (full 0):
 garbage-first heap   total 260096K, used 123117K [0x0000000702800000, 0x0000000800000000)
  region size 1024K, 97 young (99328K), 10 survivors (10240K)
 Metaspace       used 24318K, capacity 24788K, committed 24956K, reserved 1071104K
  class space    used 2552K, capacity 2681K, committed 2688K, reserved 1048576K
}
Event: 7.006 GC heap after
{Heap after GC invocations=7 (full 0):
 garbage-first heap   total 260096K, used 48668K [0x0000000702800000, 0x0000000800000000)
  region size 1024K, 13 young (13312K), 13 survivors (13312K)
 Metaspace       used 24318K, capacity 24788K, committed 24956K, reserved 1071104K
  class space    used 2552K, capacity 2681K, committed 2688K, reserved 1048576K
}
Event: 9.281 GC heap before
{Heap before GC invocations=8 (full 0):
 garbage-first heap   total 260096K, used 136732K [0x0000000702800000, 0x0000000800000000)
  region size 1024K, 99 young (101376K), 13 survivors (13312K)
 Metaspace       used 31249K, capacity 31946K, committed 32252K, reserved 1077248K
  class space    used 3186K, capacity 3460K, committed 3584K, reserved 1048576K
}
Event: 9.297 GC heap after
{Heap after GC invocations=9 (full 0):
 garbage-first heap   total 312320K, used 54359K [0x0000000702800000, 0x0000000800000000)
  region size 1024K, 5 young (5120K), 5 survivors (5120K)
 Metaspace       used 31249K, capacity 31946K, committed 32252K, reserved 1077248K
  class space    used 3186K, capacity 3460K, committed 3584K, reserved 1048576K
}
Event: 15.145 GC heap before
{Heap before GC invocations=9 (full 0):
 garbage-first heap   total 312320K, used 161879K [0x0000000702800000, 0x0000000800000000)
  region size 1024K, 105 young (107520K), 5 survivors (5120K)
 Metaspace       used 40656K, capacity 41562K, committed 41596K, reserved 1087488K
  class space    used 4135K, capacity 4446K, committed 4480K, reserved 1048576K
}
Event: 15.181 GC heap after
{Heap after GC invocations=10 (full 0):
 garbage-first heap   total 312320K, used 79191K [0x0000000702800000, 0x0000000800000000)
  region size 1024K, 15 young (15360K), 15 survivors (15360K)
 Metaspace       used 40656K, capacity 41562K, committed 41596K, reserved 1087488K
  class space    used 4135K, capacity 4446K, committed 4480K, reserved 1048576K
}
Event: 16.281 GC heap before
{Heap before GC invocations=11 (full 0):
 garbage-first heap   total 312320K, used 188759K [0x0000000702800000, 0x0000000800000000)
  region size 1024K, 123 young (125952K), 15 survivors (15360K)
 Metaspace       used 43322K, capacity 44304K, committed 44412K, reserved 1089536K
  class space    used 4355K, capacity 4668K, committed 4736K, reserved 1048576K
}
Event: 16.293 GC heap after
{Heap after GC invocations=12 (full 0):
 garbage-first heap   total 312320K, used 84706K [0x0000000702800000, 0x0000000800000000)
  region size 1024K, 5 young (5120K), 5 survivors (5120K)
 Metaspace       used 43322K, capacity 44304K, committed 44412K, reserved 1089536K
  class space    used 4355K, capacity 4668K, committed 4736K, reserved 1048576K
}
Event: 20.066 GC heap before
{Heap before GC invocations=12 (full 0):
 garbage-first heap   total 312320K, used 200418K [0x0000000702800000, 0x0000000800000000)
  region size 1024K, 117 young (119808K), 5 survivors (5120K)
 Metaspace       used 47970K, capacity 49082K, committed 49148K, reserved 1093632K
  class space    used 4700K, capacity 5097K, committed 5120K, reserved 1048576K
}
Event: 20.081 GC heap after
{Heap after GC invocations=13 (full 0):
 garbage-first heap   total 312320K, used 84838K [0x0000000702800000, 0x0000000800000000)
  region size 1024K, 7 young (7168K), 7 survivors (7168K)
 Metaspace       used 47970K, capacity 49082K, committed 49148K, reserved 1093632K
  class space    used 4700K, capacity 5097K, committed 5120K, reserved 1048576K
}

